[2023-07-20T12:16:19.740+0000] {taskinstance.py:1087} INFO - Dependencies all met for <TaskInstance: long_running_queries_alert.get_long_running_queries manual__2023-07-20T12:16:17.295533+00:00 [queued]>
[2023-07-20T12:16:19.788+0000] {taskinstance.py:1087} INFO - Dependencies all met for <TaskInstance: long_running_queries_alert.get_long_running_queries manual__2023-07-20T12:16:17.295533+00:00 [queued]>
[2023-07-20T12:16:19.790+0000] {taskinstance.py:1283} INFO - 
--------------------------------------------------------------------------------
[2023-07-20T12:16:19.796+0000] {taskinstance.py:1284} INFO - Starting attempt 1 of 2
[2023-07-20T12:16:19.799+0000] {taskinstance.py:1285} INFO - 
--------------------------------------------------------------------------------
[2023-07-20T12:16:20.119+0000] {taskinstance.py:1304} INFO - Executing <Task(SnowflakeOperator): get_long_running_queries> on 2023-07-20 12:16:17.295533+00:00
[2023-07-20T12:16:20.131+0000] {standard_task_runner.py:55} INFO - Started process 4045 to run task
[2023-07-20T12:16:20.147+0000] {standard_task_runner.py:82} INFO - Running: ['***', 'tasks', 'run', 'long_running_queries_alert', 'get_long_running_queries', 'manual__2023-07-20T12:16:17.295533+00:00', '--job-id', '8', '--raw', '--subdir', 'DAGS_FOLDER/extra.py', '--cfg-path', '/tmp/tmpcp84fscl']
[2023-07-20T12:16:20.154+0000] {standard_task_runner.py:83} INFO - Job 8: Subtask get_long_running_queries
[2023-07-20T12:16:20.381+0000] {task_command.py:389} INFO - Running <TaskInstance: long_running_queries_alert.get_long_running_queries manual__2023-07-20T12:16:17.295533+00:00 [running]> on host 907bbb26ec4d
[2023-07-20T12:16:20.618+0000] {taskinstance.py:1513} INFO - Exporting the following env vars:
AIRFLOW_CTX_DAG_OWNER=***
AIRFLOW_CTX_DAG_ID=long_running_queries_alert
AIRFLOW_CTX_TASK_ID=get_long_running_queries
AIRFLOW_CTX_EXECUTION_DATE=2023-07-20T12:16:17.295533+00:00
AIRFLOW_CTX_TRY_NUMBER=1
AIRFLOW_CTX_DAG_RUN_ID=manual__2023-07-20T12:16:17.295533+00:00
[2023-07-20T12:16:20.622+0000] {sql.py:253} INFO - Executing: 
SELECT query_id, query_text, start_time, end_time, DATEDIFF('SECOND', start_time, end_time) AS duration
FROM table(information_schema.query_history())
WHERE DATEDIFF('SECOND', start_time, end_time) > 300
ORDER BY duration DESC
[2023-07-20T12:16:20.675+0000] {taskinstance.py:1772} ERROR - Task failed with exception
Traceback (most recent call last):
  File "/home/airflow/.local/lib/python3.7/site-packages/airflow/providers/common/sql/operators/sql.py", line 254, in execute
    hook = self.get_db_hook()
  File "/home/airflow/.local/lib/python3.7/site-packages/airflow/providers/common/sql/operators/sql.py", line 179, in get_db_hook
    return self._hook
  File "/home/airflow/.local/lib/python3.7/site-packages/cached_property.py", line 36, in __get__
    value = obj.__dict__[self.func.__name__] = self.func(obj)
  File "/home/airflow/.local/lib/python3.7/site-packages/airflow/providers/common/sql/operators/sql.py", line 141, in _hook
    conn = BaseHook.get_connection(self.conn_id)
  File "/home/airflow/.local/lib/python3.7/site-packages/airflow/hooks/base.py", line 72, in get_connection
    conn = Connection.get_connection_from_secrets(conn_id)
  File "/home/airflow/.local/lib/python3.7/site-packages/airflow/models/connection.py", line 432, in get_connection_from_secrets
    raise AirflowNotFoundException(f"The conn_id `{conn_id}` isn't defined")
airflow.exceptions.AirflowNotFoundException: The conn_id `snowflake_connection` isn't defined
[2023-07-20T12:16:20.693+0000] {taskinstance.py:1327} INFO - Marking task as UP_FOR_RETRY. dag_id=long_running_queries_alert, task_id=get_long_running_queries, execution_date=20230720T121617, start_date=20230720T121619, end_date=20230720T121620
[2023-07-20T12:16:20.750+0000] {standard_task_runner.py:105} ERROR - Failed to execute job 8 for task get_long_running_queries (The conn_id `snowflake_connection` isn't defined; 4045)
[2023-07-20T12:16:20.817+0000] {local_task_job.py:159} INFO - Task exited with return code 1
[2023-07-20T12:16:20.992+0000] {taskinstance.py:2582} INFO - 0 downstream tasks scheduled from follow-on schedule check
